{
  "stats": {
    "suites": 1,
    "tests": 1,
    "passes": 1,
    "pending": 0,
    "failures": 0,
    "start": "2019-03-18T16:05:42.270Z",
    "end": "2019-03-18T16:05:44.280Z",
    "duration": 2010,
    "testsRegistered": 1,
    "passPercent": 100,
    "pendingPercent": 0,
    "other": 0,
    "hasOther": false,
    "skipped": 0,
    "hasSkipped": false,
    "passPercentClass": "success",
    "pendingPercentClass": "danger"
  },
  "suites": {
    "uuid": "d88e8e40-c9e9-4f1a-8fa1-0c6599d314c8",
    "title": "",
    "fullFile": "",
    "file": "",
    "beforeHooks": [],
    "afterHooks": [],
    "tests": [],
    "suites": [
      {
        "uuid": "dbfb97e0-d1f8-49e4-b119-f1e385049322",
        "title": "Main app",
        "fullFile": "",
        "file": "",
        "beforeHooks": [],
        "afterHooks": [],
        "tests": [
          {
            "title": "Navigate to the app",
            "fullTitle": "Main app Navigate to the app",
            "duration": 1938,
            "state": "passed",
            "speed": "slow",
            "pass": true,
            "fail": false,
            "pending": false,
            "code": "if (backgroundSection) {\n  backgroundSection.steps.forEach(step => stepTest.call(this, step));\n}\nscenario.steps.forEach(step => stepTest.call(this, step));",
            "err": {},
            "isRoot": false,
            "uuid": "3e718c35-3c13-4817-b3be-2fbd56a23a73",
            "isHook": false,
            "skipped": false
          }
        ],
        "suites": [],
        "passes": [
          "3e718c35-3c13-4817-b3be-2fbd56a23a73"
        ],
        "failures": [],
        "pending": [],
        "skipped": [],
        "duration": 1938,
        "root": false,
        "rootEmpty": false,
        "_timeout": 2000
      }
    ],
    "passes": [],
    "failures": [],
    "pending": [],
    "skipped": [],
    "duration": 0,
    "root": true,
    "rootEmpty": true,
    "_timeout": 2000
  },
  "copyrightYear": 2019
}