{
  "stats": {
    "suites": 1,
    "tests": 1,
    "passes": 1,
    "pending": 0,
    "failures": 0,
    "start": "2019-03-18T16:05:59.722Z",
    "end": "2019-03-18T16:06:01.648Z",
    "duration": 1926,
    "testsRegistered": 1,
    "passPercent": 100,
    "pendingPercent": 0,
    "other": 0,
    "hasOther": false,
    "skipped": 0,
    "hasSkipped": false,
    "passPercentClass": "success",
    "pendingPercentClass": "danger"
  },
  "suites": {
    "uuid": "5810c167-9f19-4609-a512-3bb29ac10729",
    "title": "",
    "fullFile": "",
    "file": "",
    "beforeHooks": [],
    "afterHooks": [],
    "tests": [],
    "suites": [
      {
        "uuid": "f37a261d-aebe-4fea-8b3a-92337b6b55e6",
        "title": "Home",
        "fullFile": "",
        "file": "",
        "beforeHooks": [],
        "afterHooks": [],
        "tests": [
          {
            "title": "User redirected to home landing page",
            "fullTitle": "Home User redirected to home landing page",
            "duration": 1852,
            "state": "passed",
            "speed": "slow",
            "pass": true,
            "fail": false,
            "pending": false,
            "code": "if (backgroundSection) {\n  backgroundSection.steps.forEach(step => stepTest.call(this, step));\n}\nscenario.steps.forEach(step => stepTest.call(this, step));",
            "err": {},
            "isRoot": false,
            "uuid": "6b9ea987-473d-4a66-937c-1ec3313cc8d9",
            "isHook": false,
            "skipped": false
          }
        ],
        "suites": [],
        "passes": [
          "6b9ea987-473d-4a66-937c-1ec3313cc8d9"
        ],
        "failures": [],
        "pending": [],
        "skipped": [],
        "duration": 1852,
        "root": false,
        "rootEmpty": false,
        "_timeout": 2000
      }
    ],
    "passes": [],
    "failures": [],
    "pending": [],
    "skipped": [],
    "duration": 0,
    "root": true,
    "rootEmpty": true,
    "_timeout": 2000
  },
  "copyrightYear": 2019
}