{"/home/travis/build/samuelfernandez/portfolio/src/app/home/home.component.html": {"data":{"path":"/home/travis/build/samuelfernandez/portfolio/src/app/home/home.component.html","statementMap":{"0":{"start":{"line":1,"column":0},"end":{"line":1,"column":639}}},"fnMap":{},"branchMap":{},"s":{"0":1},"f":{},"b":{},"_coverageSchema":"43e27e138ebf9cfc5966b082cf9a028302ed4184","hash":"b6cb8bc805df354111a6d9282c2fa76158e7e7b0"}}
,"/home/travis/build/samuelfernandez/portfolio/src/app/home/home.component.ts": {"path":"/home/travis/build/samuelfernandez/portfolio/src/app/home/home.component.ts","statementMap":{"0":{"start":{"line":1,"column":0},"end":{"line":1,"column":67}},"1":{"start":{"line":12,"column":0},"end":{"line":12,"column":13}},"2":{"start":{"line":12,"column":13},"end":{"line":17,"column":null}},"3":{"start":{"line":17,"column":0},"end":{"line":17,"column":null}},"4":{"start":{"line":12,"column":13},"end":{"line":12,"column":26}}},"fnMap":{"0":{"name":"HomeComponent","decl":{"start":{"line":16,"column":3},"end":{"line":16,"column":18}},"loc":{"start":{"line":16,"column":3},"end":{"line":16,"column":19}}}},"branchMap":{},"s":{"0":1,"1":1,"2":1,"3":1,"4":1},"f":{"0":1},"b":{}}
,"/home/travis/build/samuelfernandez/portfolio/src/app/shell/shell.component.html": {"data":{"path":"/home/travis/build/samuelfernandez/portfolio/src/app/shell/shell.component.html","statementMap":{"0":{"start":{"line":1,"column":0},"end":{"line":1,"column":323}}},"fnMap":{},"branchMap":{},"s":{"0":1},"f":{},"b":{},"_coverageSchema":"43e27e138ebf9cfc5966b082cf9a028302ed4184","hash":"bf1bfd5adc008f8ce2840ddcfa35925e3812eadb"}}
,"/home/travis/build/samuelfernandez/portfolio/src/app/shell/shell.component.ts": {"path":"/home/travis/build/samuelfernandez/portfolio/src/app/shell/shell.component.ts","statementMap":{"0":{"start":{"line":1,"column":0},"end":{"line":1,"column":52}},"1":{"start":{"line":2,"column":0},"end":{"line":2,"column":88}},"2":{"start":{"line":3,"column":0},"end":{"line":3,"column":67}},"3":{"start":{"line":14,"column":0},"end":{"line":14,"column":13}},"4":{"start":{"line":23,"column":44},"end":{"line":23,"column":57}},"5":{"start":{"line":23,"column":67},"end":{"line":23,"column":80}},"6":{"start":{"line":18,"column":3},"end":{"line":18,"column":23}},"7":{"start":{"line":25,"column":9},"end":{"line":25,"column":37}},"8":{"start":{"line":14,"column":13},"end":{"line":28,"column":null}},"9":{"start":{"line":28,"column":0},"end":{"line":28,"column":null}},"10":{"start":{"line":14,"column":13},"end":{"line":14,"column":27}}},"fnMap":{"0":{"name":"ShellComponent","decl":{"start":{"line":23,"column":3},"end":{"line":23,"column":16}},"loc":{"start":{"line":23,"column":111},"end":{"line":27,"column":4}}}},"branchMap":{},"s":{"0":1,"1":1,"2":1,"3":1,"4":4,"5":4,"6":4,"7":3,"8":1,"9":1,"10":1},"f":{"0":4},"b":{}}
,"/home/travis/build/samuelfernandez/portfolio/src/app/users/users-routing.module.ts": {"path":"/home/travis/build/samuelfernandez/portfolio/src/app/users/users-routing.module.ts","statementMap":{"0":{"start":{"line":1,"column":0},"end":{"line":1,"column":41}},"1":{"start":{"line":2,"column":0},"end":{"line":2,"column":55}},"2":{"start":{"line":3,"column":0},"end":{"line":3,"column":51}},"3":{"start":{"line":16,"column":0},"end":{"line":16,"column":13}},"4":{"start":{"line":16,"column":13},"end":{"line":16,"column":null}},"5":{"start":{"line":16,"column":33},"end":{"line":16,"column":null}},"6":{"start":{"line":16,"column":13},"end":{"line":16,"column":31}}},"fnMap":{"0":{"name":"UsersRoutingModule","decl":{"start":{"line":16,"column":0},"end":{"line":16,"column":13}},"loc":{"start":{"line":16,"column":0},"end":{"line":16,"column":33}}}},"branchMap":{},"s":{"0":1,"1":1,"2":1,"3":1,"4":1,"5":1,"6":1},"f":{"0":3},"b":{}}
,"/home/travis/build/samuelfernandez/portfolio/src/app/users/users.component.ts": {"path":"/home/travis/build/samuelfernandez/portfolio/src/app/users/users.component.ts","statementMap":{"0":{"start":{"line":1,"column":0},"end":{"line":1,"column":50}},"1":{"start":{"line":2,"column":0},"end":{"line":2,"column":61}},"2":{"start":{"line":9,"column":13},"end":{"line":17,"column":2}},"3":{"start":{"line":22,"column":13},"end":{"line":30,"column":2}},"4":{"start":{"line":41,"column":0},"end":{"line":41,"column":13}},"5":{"start":{"line":52,"column":23},"end":{"line":52,"column":32}},"6":{"start":{"line":57,"column":3},"end":{"line":66,"column":null}},"7":{"start":{"line":60,"column":35},"end":{"line":60,"column":null}},"8":{"start":{"line":62,"column":35},"end":{"line":62,"column":null}},"9":{"start":{"line":65,"column":6},"end":{"line":65,"column":52}},"10":{"start":{"line":41,"column":13},"end":{"line":67,"column":null}},"11":{"start":{"line":67,"column":0},"end":{"line":67,"column":null}},"12":{"start":{"line":41,"column":13},"end":{"line":41,"column":27}}},"fnMap":{"0":{"name":"UsersComponent","decl":{"start":{"line":52,"column":3},"end":{"line":52,"column":23}},"loc":{"start":{"line":52,"column":46},"end":{"line":52,"column":50}}},"1":{"name":"(anonymous_4)","decl":{"start":{"line":57,"column":3},"end":{"line":57,"column":11}},"loc":{"start":{"line":57,"column":3},"end":{"line":66,"column":4}}},"2":{"name":"(anonymous_5)","decl":{"start":{"line":60,"column":21},"end":{"line":60,"column":22}},"loc":{"start":{"line":60,"column":30},"end":{"line":60,"column":43}}},"3":{"name":"(anonymous_6)","decl":{"start":{"line":62,"column":21},"end":{"line":62,"column":22}},"loc":{"start":{"line":62,"column":30},"end":{"line":62,"column":43}}}},"branchMap":{},"s":{"0":1,"1":1,"2":1,"3":1,"4":1,"5":3,"6":1,"7":2,"8":1,"9":3,"10":1,"11":1,"12":1},"f":{"0":3,"1":3,"2":2,"3":1},"b":{}}
,"/home/travis/build/samuelfernandez/portfolio/src/app/users/users.module.ts": {"path":"/home/travis/build/samuelfernandez/portfolio/src/app/users/users.module.ts","statementMap":{"0":{"start":{"line":1,"column":0},"end":{"line":1,"column":47}},"1":{"start":{"line":2,"column":0},"end":{"line":2,"column":41}},"2":{"start":{"line":3,"column":0},"end":{"line":3,"column":79}},"3":{"start":{"line":4,"column":0},"end":{"line":4,"column":60}},"4":{"start":{"line":5,"column":0},"end":{"line":5,"column":51}},"5":{"start":{"line":11,"column":0},"end":{"line":11,"column":13}},"6":{"start":{"line":11,"column":13},"end":{"line":11,"column":null}},"7":{"start":{"line":11,"column":26},"end":{"line":11,"column":null}},"8":{"start":{"line":11,"column":13},"end":{"line":11,"column":24}}},"fnMap":{"0":{"name":"UsersModule","decl":{"start":{"line":11,"column":0},"end":{"line":11,"column":13}},"loc":{"start":{"line":11,"column":0},"end":{"line":11,"column":26}}}},"branchMap":{},"s":{"0":1,"1":1,"2":1,"3":1,"4":1,"5":1,"6":1,"7":1,"8":1},"f":{"0":3},"b":{}}
,"/home/travis/build/samuelfernandez/portfolio/src/app/users/components/user-list/user-list.component.ts": {"path":"/home/travis/build/samuelfernandez/portfolio/src/app/users/components/user-list/user-list.component.ts","statementMap":{"0":{"start":{"line":1,"column":0},"end":{"line":1,"column":74}},"1":{"start":{"line":17,"column":0},"end":{"line":17,"column":13}},"2":{"start":{"line":22,"column":12},"end":{"line":22,"column":null}},"3":{"start":{"line":17,"column":13},"end":{"line":28,"column":null}},"4":{"start":{"line":28,"column":0},"end":{"line":28,"column":null}},"5":{"start":{"line":17,"column":13},"end":{"line":17,"column":30}}},"fnMap":{"0":{"name":"UserListComponent","decl":{"start":{"line":27,"column":3},"end":{"line":27,"column":18}},"loc":{"start":{"line":27,"column":3},"end":{"line":27,"column":19}}}},"branchMap":{},"s":{"0":1,"1":1,"2":1,"3":1,"4":1,"5":1},"f":{"0":3},"b":{}}
,"/home/travis/build/samuelfernandez/portfolio/src/lib/graphql/graphql.module.ts": {"path":"/home/travis/build/samuelfernandez/portfolio/src/lib/graphql/graphql.module.ts","statementMap":{"0":{"start":{"line":1,"column":0},"end":{"line":1,"column":47}},"1":{"start":{"line":2,"column":0},"end":{"line":2,"column":56}},"2":{"start":{"line":3,"column":0},"end":{"line":3,"column":75}},"3":{"start":{"line":4,"column":0},"end":{"line":4,"column":64}},"4":{"start":{"line":6,"column":0},"end":{"line":6,"column":66}},"5":{"start":{"line":11,"column":0},"end":{"line":11,"column":13}},"6":{"start":{"line":12,"column":10},"end":{"line":20,"column":null}},"7":{"start":{"line":13,"column":6},"end":{"line":19,"column":8}},"8":{"start":{"line":11,"column":13},"end":{"line":21,"column":null}},"9":{"start":{"line":21,"column":0},"end":{"line":21,"column":null}},"10":{"start":{"line":11,"column":13},"end":{"line":11,"column":26}}},"fnMap":{"0":{"name":"GraphQlModule","decl":{"start":{"line":11,"column":0},"end":{"line":11,"column":13}},"loc":{"start":{"line":11,"column":0},"end":{"line":21,"column":null}}},"1":{"name":"(anonymous_3)","decl":{"start":{"line":12,"column":3},"end":{"line":12,"column":10}},"loc":{"start":{"line":12,"column":39},"end":{"line":20,"column":4}}}},"branchMap":{},"s":{"0":4,"1":4,"2":4,"3":4,"4":4,"5":4,"6":4,"7":4,"8":4,"9":4,"10":4},"f":{"0":22,"1":4},"b":{}}
,"/home/travis/build/samuelfernandez/portfolio/src/lib/graphql/index.ts": {"path":"/home/travis/build/samuelfernandez/portfolio/src/lib/graphql/index.ts","statementMap":{"0":{"start":{"line":1,"column":0},"end":{"line":1,"column":33}},"1":{"start":{"line":3,"column":0},"end":{"line":3,"column":28}}},"fnMap":{},"branchMap":{},"s":{"0":1,"1":1},"f":{},"b":{}}
,"/home/travis/build/samuelfernandez/portfolio/src/lib/graphql/providers/config.provider.ts": {"path":"/home/travis/build/samuelfernandez/portfolio/src/lib/graphql/providers/config.provider.ts","statementMap":{"0":{"start":{"line":6,"column":13},"end":{"line":6,"column":47}},"1":{"start":{"line":13,"column":13},"end":{"line":13,"column":61}}},"fnMap":{},"branchMap":{},"s":{"0":5,"1":5},"f":{},"b":{}}
,"/home/travis/build/samuelfernandez/portfolio/src/lib/graphql/providers/graphql.service.ts": {"path":"/home/travis/build/samuelfernandez/portfolio/src/lib/graphql/providers/graphql.service.ts","statementMap":{"0":{"start":{"line":1,"column":0},"end":{"line":1,"column":50}},"1":{"start":{"line":2,"column":0},"end":{"line":2,"column":61}},"2":{"start":{"line":3,"column":0},"end":{"line":3,"column":72}},"3":{"start":{"line":5,"column":0},"end":{"line":5,"column":53}},"4":{"start":{"line":6,"column":0},"end":{"line":6,"column":53}},"5":{"start":{"line":7,"column":0},"end":{"line":7,"column":64}},"6":{"start":{"line":9,"column":0},"end":{"line":9,"column":74}},"7":{"start":{"line":17,"column":0},"end":{"line":17,"column":13}},"8":{"start":{"line":35,"column":14},"end":{"line":35,"column":18}},"9":{"start":{"line":36,"column":14},"end":{"line":36,"column":20}},"10":{"start":{"line":37,"column":14},"end":{"line":37,"column":29}},"11":{"start":{"line":39,"column":18},"end":{"line":41,"column":null}},"12":{"start":{"line":44,"column":6},"end":{"line":44,"column":59}},"13":{"start":{"line":52,"column":11},"end":{"line":58,"column":null}},"14":{"start":{"line":53,"column":6},"end":{"line":57,"column":17}},"15":{"start":{"line":67,"column":3},"end":{"line":87,"column":null}},"16":{"start":{"line":67,"column":3},"end":{"line":67,"column":8}},"17":{"start":{"line":67,"column":32},"end":{"line":67,"column":null}},"18":{"start":{"line":68,"column":22},"end":{"line":68,"column":52}},"19":{"start":{"line":74,"column":18},"end":{"line":74,"column":74}},"20":{"start":{"line":78,"column":24},"end":{"line":78,"column":72}},"21":{"start":{"line":79,"column":9},"end":{"line":79,"column":40}},"22":{"start":{"line":80,"column":9},"end":{"line":80,"column":27}},"23":{"start":{"line":83,"column":9},"end":{"line":85,"column":72}},"24":{"start":{"line":85,"column":34},"end":{"line":85,"column":70}},"25":{"start":{"line":96,"column":3},"end":{"line":106,"column":null}},"26":{"start":{"line":96,"column":3},"end":{"line":96,"column":15}},"27":{"start":{"line":96,"column":39},"end":{"line":96,"column":null}},"28":{"start":{"line":97,"column":6},"end":{"line":105,"column":17}},"29":{"start":{"line":99,"column":14},"end":{"line":103,"column":null}},"30":{"start":{"line":100,"column":57},"end":{"line":100,"column":null}},"31":{"start":{"line":101,"column":33},"end":{"line":101,"column":null}},"32":{"start":{"line":102,"column":35},"end":{"line":102,"column":null}},"33":{"start":{"line":116,"column":3},"end":{"line":141,"column":null}},"34":{"start":{"line":117,"column":22},"end":{"line":117,"column":106}},"35":{"start":{"line":117,"column":77},"end":{"line":117,"column":105}},"36":{"start":{"line":119,"column":9},"end":{"line":121,"column":23}},"37":{"start":{"line":120,"column":76},"end":{"line":120,"column":104}},"38":{"start":{"line":123,"column":6},"end":{"line":140,"column":8}},"39":{"start":{"line":125,"column":34},"end":{"line":125,"column":43}},"40":{"start":{"line":128,"column":33},"end":{"line":132,"column":null}},"41":{"start":{"line":130,"column":21},"end":{"line":130,"column":63}},"42":{"start":{"line":131,"column":21},"end":{"line":131,"column":40}},"43":{"start":{"line":135,"column":15},"end":{"line":135,"column":57}},"44":{"start":{"line":137,"column":15},"end":{"line":137,"column":38}},"45":{"start":{"line":17,"column":13},"end":{"line":142,"column":null}},"46":{"start":{"line":142,"column":0},"end":{"line":142,"column":null}},"47":{"start":{"line":17,"column":13},"end":{"line":17,"column":27}}},"fnMap":{"0":{"name":"GraphQlService","decl":{"start":{"line":32,"column":3},"end":{"line":32,"column":null}},"loc":{"start":{"line":37,"column":42},"end":{"line":45,"column":4}}},"1":{"name":"(anonymous_8)","decl":{"start":{"line":52,"column":3},"end":{"line":52,"column":11}},"loc":{"start":{"line":52,"column":37},"end":{"line":58,"column":4}}},"2":{"name":"(anonymous_9)","decl":{"start":{"line":67,"column":3},"end":{"line":67,"column":8}},"loc":{"start":{"line":67,"column":54},"end":{"line":87,"column":4}}},"3":{"name":"(anonymous_10)","decl":{"start":{"line":85,"column":22},"end":{"line":85,"column":23}},"loc":{"start":{"line":85,"column":29},"end":{"line":85,"column":38}}},"4":{"name":"(anonymous_11)","decl":{"start":{"line":96,"column":3},"end":{"line":96,"column":15}},"loc":{"start":{"line":96,"column":61},"end":{"line":106,"column":4}}},"5":{"name":"(anonymous_12)","decl":{"start":{"line":98,"column":29},"end":{"line":98,"column":30}},"loc":{"start":{"line":98,"column":38},"end":{"line":99,"column":18}}},"6":{"name":"(anonymous_13)","decl":{"start":{"line":100,"column":23},"end":{"line":100,"column":24}},"loc":{"start":{"line":100,"column":52},"end":{"line":100,"column":65}}},"7":{"name":"(anonymous_14)","decl":{"start":{"line":101,"column":27},"end":{"line":101,"column":33}},"loc":{"start":{"line":101,"column":27},"end":{"line":101,"column":41}}},"8":{"name":"(anonymous_15)","decl":{"start":{"line":102,"column":24},"end":{"line":102,"column":25}},"loc":{"start":{"line":102,"column":30},"end":{"line":102,"column":43}}},"9":{"name":"(anonymous_16)","decl":{"start":{"line":116,"column":3},"end":{"line":116,"column":9}},"loc":{"start":{"line":116,"column":37},"end":{"line":141,"column":4}}},"10":{"name":"(anonymous_17)","decl":{"start":{"line":117,"column":63},"end":{"line":117,"column":64}},"loc":{"start":{"line":117,"column":72},"end":{"line":117,"column":83}}},"11":{"name":"(anonymous_18)","decl":{"start":{"line":120,"column":62},"end":{"line":120,"column":63}},"loc":{"start":{"line":120,"column":71},"end":{"line":120,"column":82}}},"12":{"name":"(anonymous_19)","decl":{"start":{"line":124,"column":19},"end":{"line":124,"column":20}},"loc":{"start":{"line":124,"column":28},"end":{"line":139,"column":10}}},"13":{"name":"(anonymous_20)","decl":{"start":{"line":129,"column":22},"end":{"line":129,"column":23}},"loc":{"start":{"line":129,"column":32},"end":{"line":132,"column":19}}}},"branchMap":{"0":{"loc":{"start":{"line":41,"column":13},"end":{"line":41,"column":25}},"type":"binary-expr","locations":[{"start":{"line":41,"column":13},"end":{"line":41,"column":25}},{"start":{"line":41,"column":29},"end":{"line":41,"column":31}}]},"1":{"loc":{"start":{"line":44,"column":24},"end":{"line":44,"column":37}},"type":"binary-expr","locations":[{"start":{"line":44,"column":24},"end":{"line":44,"column":37}},{"start":{"line":44,"column":41},"end":{"line":44,"column":43}}]},"2":{"loc":{"start":{"line":67,"column":32},"end":{"line":67,"column":null}},"type":"if","locations":[{"start":{"line":67,"column":32},"end":{"line":67,"column":null}},{"start":{"line":67,"column":32},"end":{"line":67,"column":null}}]},"3":{"loc":{"start":{"line":96,"column":39},"end":{"line":96,"column":null}},"type":"if","locations":[{"start":{"line":96,"column":39},"end":{"line":96,"column":null}},{"start":{"line":96,"column":39},"end":{"line":96,"column":null}}]},"4":{"loc":{"start":{"line":98,"column":11},"end":{"line":103,"column":null}},"type":"cond-expr","locations":[{"start":{"line":98,"column":11},"end":{"line":103,"column":null}},{"start":{"line":105,"column":11},"end":{"line":105,"column":16}}]},"5":{"loc":{"start":{"line":120,"column":14},"end":{"line":120,"column":105}},"type":"cond-expr","locations":[{"start":{"line":120,"column":14},"end":{"line":120,"column":105}},{"start":{"line":121,"column":14},"end":{"line":121,"column":23}}]},"6":{"loc":{"start":{"line":119,"column":9},"end":{"line":119,"column":28}},"type":"binary-expr","locations":[{"start":{"line":119,"column":9},"end":{"line":119,"column":28}},{"start":{"line":119,"column":32},"end":{"line":119,"column":49}}]}},"s":{"0":5,"1":5,"2":5,"3":5,"4":5,"5":5,"6":5,"7":5,"8":19,"9":19,"10":19,"11":19,"12":19,"13":5,"14":14,"15":5,"16":8,"17":15,"18":8,"19":8,"20":1,"21":1,"22":1,"23":7,"24":6,"25":5,"26":8,"27":14,"28":8,"29":6,"30":4,"31":2,"32":1,"33":5,"34":5,"35":4,"36":5,"37":2,"38":5,"39":4,"40":3,"41":2,"42":2,"43":3,"44":1,"45":5,"46":5,"47":5},"f":{"0":19,"1":14,"2":8,"3":6,"4":8,"5":6,"6":4,"7":2,"8":1,"9":5,"10":4,"11":2,"12":4,"13":2},"b":{"0":[19,17],"1":[19,1],"2":[7,1],"3":[6,2],"4":[7,1],"5":[4,1],"6":[5,4]}}
,"/home/travis/build/samuelfernandez/portfolio/src/lib/graphql/providers/index.ts": {"path":"/home/travis/build/samuelfernandez/portfolio/src/lib/graphql/providers/index.ts","statementMap":{"0":{"start":{"line":1,"column":0},"end":{"line":1,"column":34}},"1":{"start":{"line":2,"column":0},"end":{"line":2,"column":34}},"2":{"start":{"line":3,"column":0},"end":{"line":3,"column":39}}},"fnMap":{},"branchMap":{},"s":{"0":5,"1":5,"2":5},"f":{},"b":{}}
,"/home/travis/build/samuelfernandez/portfolio/src/lib/graphql/providers/subscription.factory.ts": {"path":"/home/travis/build/samuelfernandez/portfolio/src/lib/graphql/providers/subscription.factory.ts","statementMap":{"0":{"start":{"line":1,"column":0},"end":{"line":1,"column":52}},"1":{"start":{"line":2,"column":0},"end":{"line":2,"column":64}},"2":{"start":{"line":13,"column":21},"end":{"line":13,"column":85}},"3":{"start":{"line":14,"column":20},"end":{"line":14,"column":44}},"4":{"start":{"line":15,"column":6},"end":{"line":15,"column":43}},"5":{"start":{"line":11,"column":0},"end":{"line":11,"column":16}}},"fnMap":{"0":{"name":"SubscriptionFactory","decl":{"start":{"line":11,"column":16},"end":{"line":11,"column":35}},"loc":{"start":{"line":11,"column":72},"end":{"line":17,"column":1}}}},"branchMap":{"0":{"loc":{"start":{"line":13,"column":22},"end":{"line":13,"column":35}},"type":"binary-expr","locations":[{"start":{"line":13,"column":22},"end":{"line":13,"column":35}},{"start":{"line":13,"column":39},"end":{"line":13,"column":61}}]}},"s":{"0":5,"1":5,"2":2,"3":2,"4":2,"5":5},"f":{"0":3},"b":{"0":[2,1]}}
,"/home/travis/build/samuelfernandez/portfolio/src/lib/graphql/testing/graphql-testing.module.ts": {"path":"/home/travis/build/samuelfernandez/portfolio/src/lib/graphql/testing/graphql-testing.module.ts","statementMap":{"0":{"start":{"line":1,"column":0},"end":{"line":1,"column":71}},"1":{"start":{"line":2,"column":0},"end":{"line":2,"column":41}},"2":{"start":{"line":3,"column":0},"end":{"line":3,"column":58}},"3":{"start":{"line":4,"column":0},"end":{"line":4,"column":64}},"4":{"start":{"line":5,"column":0},"end":{"line":5,"column":50}},"5":{"start":{"line":6,"column":0},"end":{"line":6,"column":101}},"6":{"start":{"line":20,"column":0},"end":{"line":20,"column":13}},"7":{"start":{"line":20,"column":13},"end":{"line":20,"column":null}},"8":{"start":{"line":15,"column":62},"end":{"line":15,"column":95}},"9":{"start":{"line":20,"column":35},"end":{"line":20,"column":null}},"10":{"start":{"line":20,"column":13},"end":{"line":20,"column":33}}},"fnMap":{"0":{"name":"GraphQlTestingModule","decl":{"start":{"line":20,"column":0},"end":{"line":20,"column":13}},"loc":{"start":{"line":20,"column":0},"end":{"line":20,"column":35}}},"1":{"name":"(anonymous_3)","decl":{"start":{"line":15,"column":56},"end":{"line":15,"column":62}},"loc":{"start":{"line":15,"column":56},"end":{"line":15,"column":66}}}},"branchMap":{},"s":{"0":4,"1":4,"2":4,"3":4,"4":4,"5":4,"6":4,"7":4,"8":22,"9":4,"10":4},"f":{"0":22,"1":22},"b":{}}
,"/home/travis/build/samuelfernandez/portfolio/src/lib/graphql/testing/index.ts": {"path":"/home/travis/build/samuelfernandez/portfolio/src/lib/graphql/testing/index.ts","statementMap":{"0":{"start":{"line":1,"column":0},"end":{"line":1,"column":41}},"1":{"start":{"line":3,"column":0},"end":{"line":3,"column":28}}},"fnMap":{},"branchMap":{},"s":{"0":2,"1":2},"f":{},"b":{}}
,"/home/travis/build/samuelfernandez/portfolio/src/lib/graphql/testing/providers/graphql-testing.controller.ts": {"path":"/home/travis/build/samuelfernandez/portfolio/src/lib/graphql/testing/providers/graphql-testing.controller.ts","statementMap":{"0":{"start":{"line":1,"column":0},"end":{"line":1,"column":69}},"1":{"start":{"line":2,"column":0},"end":{"line":2,"column":43}},"2":{"start":{"line":5,"column":0},"end":{"line":5,"column":67}},"3":{"start":{"line":11,"column":0},"end":{"line":11,"column":13}},"4":{"start":{"line":17,"column":23},"end":{"line":17,"column":36}},"5":{"start":{"line":17,"column":67},"end":{"line":17,"column":88}},"6":{"start":{"line":22,"column":3},"end":{"line":24,"column":null}},"7":{"start":{"line":23,"column":6},"end":{"line":23,"column":32}},"8":{"start":{"line":33,"column":3},"end":{"line":54,"column":null}},"9":{"start":{"line":34,"column":26},"end":{"line":49,"column":8}},"10":{"start":{"line":35,"column":21},"end":{"line":35,"column":25}},"11":{"start":{"line":37,"column":9},"end":{"line":37,"column":54}},"12":{"start":{"line":39,"column":9},"end":{"line":39,"column":52}},"13":{"start":{"line":40,"column":9},"end":{"line":40,"column":75}},"14":{"start":{"line":42,"column":9},"end":{"line":42,"column":50}},"15":{"start":{"line":43,"column":9},"end":{"line":43,"column":60}},"16":{"start":{"line":45,"column":9},"end":{"line":45,"column":54}},"17":{"start":{"line":46,"column":9},"end":{"line":46,"column":90}},"18":{"start":{"line":48,"column":9},"end":{"line":48,"column":22}},"19":{"start":{"line":51,"column":6},"end":{"line":53,"column":8}},"20":{"start":{"line":52,"column":46},"end":{"line":52,"column":null}},"21":{"start":{"line":63,"column":3},"end":{"line":75,"column":null}},"22":{"start":{"line":63,"column":3},"end":{"line":63,"column":21}},"23":{"start":{"line":64,"column":6},"end":{"line":74,"column":8}},"24":{"start":{"line":66,"column":12},"end":{"line":66,"column":71}},"25":{"start":{"line":69,"column":12},"end":{"line":69,"column":72}},"26":{"start":{"line":72,"column":12},"end":{"line":72,"column":68}},"27":{"start":{"line":11,"column":13},"end":{"line":76,"column":null}},"28":{"start":{"line":76,"column":0},"end":{"line":76,"column":null}},"29":{"start":{"line":11,"column":13},"end":{"line":11,"column":37}}},"fnMap":{"0":{"name":"GraphQlTestingController","decl":{"start":{"line":17,"column":3},"end":{"line":17,"column":23}},"loc":{"start":{"line":17,"column":113},"end":{"line":17,"column":117}}},"1":{"name":"(anonymous_4)","decl":{"start":{"line":22,"column":3},"end":{"line":22,"column":9}},"loc":{"start":{"line":22,"column":3},"end":{"line":24,"column":4}}},"2":{"name":"(anonymous_5)","decl":{"start":{"line":33,"column":3},"end":{"line":33,"column":14}},"loc":{"start":{"line":33,"column":51},"end":{"line":54,"column":4}}},"3":{"name":"(anonymous_6)","decl":{"start":{"line":34,"column":53},"end":{"line":34,"column":54}},"loc":{"start":{"line":34,"column":57},"end":{"line":49,"column":7}}},"4":{"name":"(anonymous_7)","decl":{"start":{"line":52,"column":16},"end":{"line":52,"column":17}},"loc":{"start":{"line":52,"column":41},"end":{"line":52,"column":57}}},"5":{"name":"(anonymous_8)","decl":{"start":{"line":63,"column":3},"end":{"line":63,"column":21}},"loc":{"start":{"line":63,"column":58},"end":{"line":75,"column":4}}},"6":{"name":"(anonymous_9)","decl":{"start":{"line":65,"column":16},"end":{"line":65,"column":17}},"loc":{"start":{"line":65,"column":41},"end":{"line":67,"column":10}}},"7":{"name":"(anonymous_10)","decl":{"start":{"line":68,"column":16},"end":{"line":68,"column":17}},"loc":{"start":{"line":68,"column":29},"end":{"line":70,"column":10}}},"8":{"name":"(anonymous_11)","decl":{"start":{"line":71,"column":19},"end":{"line":71,"column":null}},"loc":{"start":{"line":71,"column":19},"end":{"line":73,"column":10}}}},"branchMap":{"0":{"loc":{"start":{"line":37,"column":17},"end":{"line":37,"column":22}},"type":"binary-expr","locations":[{"start":{"line":37,"column":17},"end":{"line":37,"column":22}},{"start":{"line":37,"column":26},"end":{"line":37,"column":53}}]},"1":{"loc":{"start":{"line":39,"column":17},"end":{"line":39,"column":22}},"type":"binary-expr","locations":[{"start":{"line":39,"column":17},"end":{"line":39,"column":22}},{"start":{"line":39,"column":26},"end":{"line":39,"column":51}}]},"2":{"loc":{"start":{"line":40,"column":17},"end":{"line":40,"column":22}},"type":"binary-expr","locations":[{"start":{"line":40,"column":17},"end":{"line":40,"column":22}},{"start":{"line":40,"column":26},"end":{"line":40,"column":74}}]},"3":{"loc":{"start":{"line":42,"column":17},"end":{"line":42,"column":22}},"type":"binary-expr","locations":[{"start":{"line":42,"column":17},"end":{"line":42,"column":22}},{"start":{"line":42,"column":26},"end":{"line":42,"column":49}}]},"4":{"loc":{"start":{"line":43,"column":17},"end":{"line":43,"column":22}},"type":"binary-expr","locations":[{"start":{"line":43,"column":17},"end":{"line":43,"column":22}},{"start":{"line":43,"column":26},"end":{"line":43,"column":59}}]},"5":{"loc":{"start":{"line":45,"column":17},"end":{"line":45,"column":22}},"type":"binary-expr","locations":[{"start":{"line":45,"column":17},"end":{"line":45,"column":22}},{"start":{"line":45,"column":26},"end":{"line":45,"column":53}}]},"6":{"loc":{"start":{"line":46,"column":17},"end":{"line":46,"column":22}},"type":"binary-expr","locations":[{"start":{"line":46,"column":17},"end":{"line":46,"column":22}},{"start":{"line":46,"column":26},"end":{"line":46,"column":89}}]},"7":{"loc":{"start":{"line":46,"column":73},"end":{"line":46,"column":82}},"type":"binary-expr","locations":[{"start":{"line":46,"column":73},"end":{"line":46,"column":82}},{"start":{"line":46,"column":86},"end":{"line":46,"column":88}}]}},"s":{"0":4,"1":4,"2":4,"3":4,"4":17,"5":17,"6":4,"7":15,"8":4,"9":6,"10":6,"11":6,"12":6,"13":6,"14":6,"15":6,"16":6,"17":6,"18":6,"19":6,"20":6,"21":4,"22":5,"23":5,"24":4,"25":1,"26":2,"27":4,"28":4,"29":4},"f":{"0":17,"1":15,"2":6,"3":6,"4":6,"5":5,"6":4,"7":1,"8":2},"b":{"0":[6,6],"1":[6,6],"2":[6,6],"3":[6,6],"4":[6,6],"5":[6,6],"6":[6,6],"7":[6,5]}}
,"/home/travis/build/samuelfernandez/portfolio/src/lib/graphql/testing/providers/index.ts": {"path":"/home/travis/build/samuelfernandez/portfolio/src/lib/graphql/testing/providers/index.ts","statementMap":{"0":{"start":{"line":1,"column":0},"end":{"line":1,"column":45}},"1":{"start":{"line":2,"column":0},"end":{"line":2,"column":39}},"2":{"start":{"line":3,"column":0},"end":{"line":3,"column":33}}},"fnMap":{},"branchMap":{},"s":{"0":4,"1":4,"2":4},"f":{},"b":{}}
,"/home/travis/build/samuelfernandez/portfolio/src/lib/graphql/testing/providers/subscription-testing.ts": {"path":"/home/travis/build/samuelfernandez/portfolio/src/lib/graphql/testing/providers/subscription-testing.ts","statementMap":{"0":{"start":{"line":2,"column":0},"end":{"line":2,"column":43}},"1":{"start":{"line":9,"column":0},"end":{"line":9,"column":13}},"2":{"start":{"line":14,"column":11},"end":{"line":14,"column":77}},"3":{"start":{"line":21,"column":11},"end":{"line":23,"column":null}},"4":{"start":{"line":21,"column":20},"end":{"line":21,"column":25}},"5":{"start":{"line":21,"column":27},"end":{"line":21,"column":36}},"6":{"start":{"line":22,"column":6},"end":{"line":22,"column":59}},"7":{"start":{"line":29,"column":11},"end":{"line":33,"column":null}},"8":{"start":{"line":31,"column":9},"end":{"line":31,"column":66}},"9":{"start":{"line":40,"column":11},"end":{"line":44,"column":null}},"10":{"start":{"line":42,"column":9},"end":{"line":42,"column":61}},"11":{"start":{"line":51,"column":3},"end":{"line":55,"column":null}},"12":{"start":{"line":52,"column":26},"end":{"line":52,"column":46}},"13":{"start":{"line":53,"column":6},"end":{"line":53,"column":32}},"14":{"start":{"line":54,"column":6},"end":{"line":54,"column":47}},"15":{"start":{"line":62,"column":3},"end":{"line":66,"column":null}},"16":{"start":{"line":63,"column":26},"end":{"line":63,"column":46}},"17":{"start":{"line":64,"column":6},"end":{"line":64,"column":45}},"18":{"start":{"line":65,"column":6},"end":{"line":65,"column":36}},"19":{"start":{"line":73,"column":3},"end":{"line":77,"column":null}},"20":{"start":{"line":74,"column":26},"end":{"line":74,"column":46}},"21":{"start":{"line":75,"column":6},"end":{"line":75,"column":45}},"22":{"start":{"line":76,"column":6},"end":{"line":76,"column":38}},"23":{"start":{"line":83,"column":3},"end":{"line":87,"column":null}},"24":{"start":{"line":84,"column":26},"end":{"line":84,"column":46}},"25":{"start":{"line":85,"column":6},"end":{"line":85,"column":45}},"26":{"start":{"line":86,"column":6},"end":{"line":86,"column":36}},"27":{"start":{"line":88,"column":0},"end":{"line":88,"column":null}},"28":{"start":{"line":9,"column":13},"end":{"line":9,"column":38}}},"fnMap":{"0":{"name":"(anonymous_0)","decl":{"start":{"line":9,"column":0},"end":{"line":9,"column":13}},"loc":{"start":{"line":9,"column":0},"end":{"line":88,"column":null}}},"1":{"name":"(anonymous_2)","decl":{"start":{"line":21,"column":3},"end":{"line":21,"column":11}},"loc":{"start":{"line":21,"column":56},"end":{"line":23,"column":4}}},"2":{"name":"(anonymous_3)","decl":{"start":{"line":29,"column":3},"end":{"line":29,"column":11}},"loc":{"start":{"line":29,"column":38},"end":{"line":33,"column":4}}},"3":{"name":"(anonymous_4)","decl":{"start":{"line":40,"column":3},"end":{"line":40,"column":11}},"loc":{"start":{"line":40,"column":66},"end":{"line":44,"column":4}}},"4":{"name":"(anonymous_5)","decl":{"start":{"line":51,"column":3},"end":{"line":51,"column":10}},"loc":{"start":{"line":51,"column":36},"end":{"line":55,"column":4}}},"5":{"name":"(anonymous_6)","decl":{"start":{"line":62,"column":3},"end":{"line":62,"column":8}},"loc":{"start":{"line":62,"column":62},"end":{"line":66,"column":4}}},"6":{"name":"(anonymous_7)","decl":{"start":{"line":73,"column":3},"end":{"line":73,"column":8}},"loc":{"start":{"line":73,"column":48},"end":{"line":77,"column":4}}},"7":{"name":"(anonymous_8)","decl":{"start":{"line":83,"column":3},"end":{"line":83,"column":11}},"loc":{"start":{"line":83,"column":37},"end":{"line":87,"column":4}}}},"branchMap":{"0":{"loc":{"start":{"line":22,"column":42},"end":{"line":22,"column":51}},"type":"binary-expr","locations":[{"start":{"line":22,"column":42},"end":{"line":22,"column":51}},{"start":{"line":22,"column":55},"end":{"line":22,"column":57}}]}},"s":{"0":4,"1":4,"2":22,"3":4,"4":18,"5":18,"6":18,"7":4,"8":7,"9":4,"10":3,"11":4,"12":8,"13":8,"14":8,"15":4,"16":5,"17":5,"18":4,"19":4,"20":2,"21":2,"22":1,"23":4,"24":3,"25":3,"26":2,"27":4,"28":4},"f":{"0":26,"1":18,"2":8,"3":10,"4":8,"5":5,"6":2,"7":3},"b":{"0":[18,9]}}
,"/home/travis/build/samuelfernandez/portfolio/src/lib/graphql/testing/providers/transfer-state.ts": {"path":"/home/travis/build/samuelfernandez/portfolio/src/lib/graphql/testing/providers/transfer-state.ts","statementMap":{"0":{"start":{"line":1,"column":0},"end":{"line":1,"column":68}},"1":{"start":{"line":7,"column":0},"end":{"line":7,"column":null}},"2":{"start":{"line":7,"column":39},"end":{"line":7,"column":52}},"3":{"start":{"line":7,"column":0},"end":{"line":7,"column":13}},"4":{"start":{"line":12,"column":11},"end":{"line":12,"column":45}},"5":{"start":{"line":21,"column":3},"end":{"line":23,"column":null}},"6":{"start":{"line":22,"column":6},"end":{"line":22,"column":44}},"7":{"start":{"line":31,"column":3},"end":{"line":33,"column":null}},"8":{"start":{"line":32,"column":6},"end":{"line":32,"column":29}},"9":{"start":{"line":40,"column":3},"end":{"line":42,"column":null}},"10":{"start":{"line":41,"column":6},"end":{"line":41,"column":28}},"11":{"start":{"line":50,"column":3},"end":{"line":52,"column":null}},"12":{"start":{"line":51,"column":6},"end":{"line":51,"column":30}},"13":{"start":{"line":60,"column":3},"end":{"line":60,"column":null}},"14":{"start":{"line":67,"column":3},"end":{"line":69,"column":null}},"15":{"start":{"line":68,"column":6},"end":{"line":68,"column":16}},"16":{"start":{"line":70,"column":0},"end":{"line":70,"column":null}},"17":{"start":{"line":7,"column":13},"end":{"line":7,"column":30}}},"fnMap":{"0":{"name":"(anonymous_6)","decl":{"start":{"line":7,"column":0},"end":{"line":7,"column":13}},"loc":{"start":{"line":7,"column":0},"end":{"line":70,"column":null}}},"1":{"name":"(anonymous_8)","decl":{"start":{"line":21,"column":3},"end":{"line":21,"column":6}},"loc":{"start":{"line":21,"column":43},"end":{"line":23,"column":4}}},"2":{"name":"(anonymous_9)","decl":{"start":{"line":31,"column":3},"end":{"line":31,"column":6}},"loc":{"start":{"line":31,"column":36},"end":{"line":33,"column":4}}},"3":{"name":"(anonymous_10)","decl":{"start":{"line":40,"column":3},"end":{"line":40,"column":9}},"loc":{"start":{"line":40,"column":29},"end":{"line":42,"column":4}}},"4":{"name":"(anonymous_11)","decl":{"start":{"line":50,"column":3},"end":{"line":50,"column":9}},"loc":{"start":{"line":50,"column":29},"end":{"line":52,"column":4}}},"5":{"name":"(anonymous_12)","decl":{"start":{"line":60,"column":3},"end":{"line":60,"column":14}},"loc":{"start":{"line":60,"column":53},"end":{"line":60,"column":63}}},"6":{"name":"(anonymous_13)","decl":{"start":{"line":67,"column":3},"end":{"line":67,"column":9}},"loc":{"start":{"line":67,"column":3},"end":{"line":69,"column":4}}}},"branchMap":{"0":{"loc":{"start":{"line":7,"column":0},"end":{"line":7,"column":13}},"type":"binary-expr","locations":[{"start":{"line":7,"column":0},"end":{"line":7,"column":13}},{"start":{"line":7,"column":0},"end":{"line":7,"column":13}},{"start":{"line":7,"column":0},"end":{"line":7,"column":13}}]},"1":{"loc":{"start":{"line":22,"column":13},"end":{"line":22,"column":27}},"type":"binary-expr","locations":[{"start":{"line":22,"column":13},"end":{"line":22,"column":27}},{"start":{"line":22,"column":31},"end":{"line":22,"column":43}}]}},"s":{"0":5,"1":5,"2":5,"3":17,"4":17,"5":5,"6":3,"7":5,"8":8,"9":5,"10":2,"11":5,"12":11,"13":5,"14":5,"15":1,"16":5,"17":5},"f":{"0":22,"1":3,"2":8,"3":2,"4":11,"5":1,"6":1},"b":{"0":[17,17,17],"1":[3,1]}}
}
