TN:
SF:/home/travis/build/samuelfernandez/portfolio/src/app/home/home.component.html
FNF:0
FNH:0
DA:1,1
LF:1
LH:1
BRF:0
BRH:0
end_of_record
TN:
SF:/home/travis/build/samuelfernandez/portfolio/src/app/home/home.component.ts
FN:16,HomeComponent
FNF:1
FNH:1
FNDA:1,HomeComponent
DA:1,1
DA:12,1
DA:17,1
LF:3
LH:3
BRF:0
BRH:0
end_of_record
TN:
SF:/home/travis/build/samuelfernandez/portfolio/src/app/shell/shell.component.html
FNF:0
FNH:0
DA:1,1
LF:1
LH:1
BRF:0
BRH:0
end_of_record
TN:
SF:/home/travis/build/samuelfernandez/portfolio/src/app/shell/shell.component.ts
FN:23,ShellComponent
FNF:1
FNH:1
FNDA:4,ShellComponent
DA:1,1
DA:2,1
DA:3,1
DA:14,1
DA:18,4
DA:23,4
DA:25,3
DA:28,1
LF:8
LH:8
BRF:0
BRH:0
end_of_record
TN:
SF:/home/travis/build/samuelfernandez/portfolio/src/app/users/users-routing.module.ts
FN:16,UsersRoutingModule
FNF:1
FNH:1
FNDA:3,UsersRoutingModule
DA:1,1
DA:2,1
DA:3,1
DA:16,1
LF:4
LH:4
BRF:0
BRH:0
end_of_record
TN:
SF:/home/travis/build/samuelfernandez/portfolio/src/app/users/users.component.ts
FN:52,UsersComponent
FN:57,(anonymous_4)
FN:60,(anonymous_5)
FN:62,(anonymous_6)
FNF:4
FNH:4
FNDA:3,UsersComponent
FNDA:3,(anonymous_4)
FNDA:2,(anonymous_5)
FNDA:1,(anonymous_6)
DA:1,1
DA:2,1
DA:9,1
DA:22,1
DA:41,1
DA:52,3
DA:57,1
DA:60,2
DA:62,1
DA:65,3
DA:67,1
LF:11
LH:11
BRF:0
BRH:0
end_of_record
TN:
SF:/home/travis/build/samuelfernandez/portfolio/src/app/users/users.module.ts
FN:11,UsersModule
FNF:1
FNH:1
FNDA:3,UsersModule
DA:1,1
DA:2,1
DA:3,1
DA:4,1
DA:5,1
DA:11,1
LF:6
LH:6
BRF:0
BRH:0
end_of_record
TN:
SF:/home/travis/build/samuelfernandez/portfolio/src/app/users/components/user-list/user-list.component.ts
FN:27,UserListComponent
FNF:1
FNH:1
FNDA:3,UserListComponent
DA:1,1
DA:17,1
DA:22,1
DA:28,1
LF:4
LH:4
BRF:0
BRH:0
end_of_record
TN:
SF:/home/travis/build/samuelfernandez/portfolio/src/lib/graphql/graphql.module.ts
FN:11,GraphQlModule
FN:12,(anonymous_3)
FNF:2
FNH:2
FNDA:22,GraphQlModule
FNDA:4,(anonymous_3)
DA:1,4
DA:2,4
DA:3,4
DA:4,4
DA:6,4
DA:11,4
DA:12,4
DA:13,4
DA:21,4
LF:9
LH:9
BRF:0
BRH:0
end_of_record
TN:
SF:/home/travis/build/samuelfernandez/portfolio/src/lib/graphql/index.ts
FNF:0
FNH:0
DA:1,1
DA:3,1
LF:2
LH:2
BRF:0
BRH:0
end_of_record
TN:
SF:/home/travis/build/samuelfernandez/portfolio/src/lib/graphql/providers/config.provider.ts
FNF:0
FNH:0
DA:6,5
DA:13,5
LF:2
LH:2
BRF:0
BRH:0
end_of_record
TN:
SF:/home/travis/build/samuelfernandez/portfolio/src/lib/graphql/providers/graphql.service.ts
FN:32,GraphQlService
FN:52,(anonymous_8)
FN:67,(anonymous_9)
FN:85,(anonymous_10)
FN:96,(anonymous_11)
FN:98,(anonymous_12)
FN:100,(anonymous_13)
FN:101,(anonymous_14)
FN:102,(anonymous_15)
FN:116,(anonymous_16)
FN:117,(anonymous_17)
FN:120,(anonymous_18)
FN:124,(anonymous_19)
FN:129,(anonymous_20)
FNF:14
FNH:14
FNDA:19,GraphQlService
FNDA:14,(anonymous_8)
FNDA:8,(anonymous_9)
FNDA:6,(anonymous_10)
FNDA:8,(anonymous_11)
FNDA:6,(anonymous_12)
FNDA:4,(anonymous_13)
FNDA:2,(anonymous_14)
FNDA:1,(anonymous_15)
FNDA:5,(anonymous_16)
FNDA:4,(anonymous_17)
FNDA:2,(anonymous_18)
FNDA:4,(anonymous_19)
FNDA:2,(anonymous_20)
DA:1,5
DA:2,5
DA:3,5
DA:5,5
DA:6,5
DA:7,5
DA:9,5
DA:17,5
DA:35,19
DA:36,19
DA:37,19
DA:39,19
DA:44,19
DA:52,5
DA:53,14
DA:67,15
DA:68,8
DA:74,8
DA:78,1
DA:79,1
DA:80,1
DA:83,7
DA:85,6
DA:96,14
DA:97,8
DA:99,6
DA:100,4
DA:101,2
DA:102,1
DA:116,5
DA:117,5
DA:119,5
DA:120,2
DA:123,5
DA:125,4
DA:128,3
DA:130,2
DA:131,2
DA:135,3
DA:137,1
DA:142,5
LF:41
LH:41
BRDA:41,0,0,19
BRDA:41,0,1,17
BRDA:44,1,0,19
BRDA:44,1,1,1
BRDA:67,2,0,7
BRDA:67,2,1,1
BRDA:96,3,0,6
BRDA:96,3,1,2
BRDA:98,4,0,7
BRDA:98,4,1,1
BRDA:120,5,0,4
BRDA:120,5,1,1
BRDA:119,6,0,5
BRDA:119,6,1,4
BRF:14
BRH:14
end_of_record
TN:
SF:/home/travis/build/samuelfernandez/portfolio/src/lib/graphql/providers/index.ts
FNF:0
FNH:0
DA:1,5
DA:2,5
DA:3,5
LF:3
LH:3
BRF:0
BRH:0
end_of_record
TN:
SF:/home/travis/build/samuelfernandez/portfolio/src/lib/graphql/providers/subscription.factory.ts
FN:11,SubscriptionFactory
FNF:1
FNH:1
FNDA:3,SubscriptionFactory
DA:1,5
DA:2,5
DA:11,5
DA:13,2
DA:14,2
DA:15,2
LF:6
LH:6
BRDA:13,0,0,2
BRDA:13,0,1,1
BRF:2
BRH:2
end_of_record
TN:
SF:/home/travis/build/samuelfernandez/portfolio/src/lib/graphql/testing/graphql-testing.module.ts
FN:20,GraphQlTestingModule
FN:15,(anonymous_3)
FNF:2
FNH:2
FNDA:22,GraphQlTestingModule
FNDA:22,(anonymous_3)
DA:1,4
DA:2,4
DA:3,4
DA:4,4
DA:5,4
DA:6,4
DA:15,22
DA:20,4
LF:8
LH:8
BRF:0
BRH:0
end_of_record
TN:
SF:/home/travis/build/samuelfernandez/portfolio/src/lib/graphql/testing/index.ts
FNF:0
FNH:0
DA:1,2
DA:3,2
LF:2
LH:2
BRF:0
BRH:0
end_of_record
TN:
SF:/home/travis/build/samuelfernandez/portfolio/src/lib/graphql/testing/providers/graphql-testing.controller.ts
FN:17,GraphQlTestingController
FN:22,(anonymous_4)
FN:33,(anonymous_5)
FN:34,(anonymous_6)
FN:52,(anonymous_7)
FN:63,(anonymous_8)
FN:65,(anonymous_9)
FN:68,(anonymous_10)
FN:71,(anonymous_11)
FNF:9
FNH:9
FNDA:17,GraphQlTestingController
FNDA:15,(anonymous_4)
FNDA:6,(anonymous_5)
FNDA:6,(anonymous_6)
FNDA:6,(anonymous_7)
FNDA:5,(anonymous_8)
FNDA:4,(anonymous_9)
FNDA:1,(anonymous_10)
FNDA:2,(anonymous_11)
DA:1,4
DA:2,4
DA:5,4
DA:11,4
DA:17,17
DA:22,4
DA:23,15
DA:33,4
DA:34,6
DA:35,6
DA:37,6
DA:39,6
DA:40,6
DA:42,6
DA:43,6
DA:45,6
DA:46,6
DA:48,6
DA:51,6
DA:52,6
DA:63,5
DA:64,5
DA:66,4
DA:69,1
DA:72,2
DA:76,4
LF:26
LH:26
BRDA:37,0,0,6
BRDA:37,0,1,6
BRDA:39,1,0,6
BRDA:39,1,1,6
BRDA:40,2,0,6
BRDA:40,2,1,6
BRDA:42,3,0,6
BRDA:42,3,1,6
BRDA:43,4,0,6
BRDA:43,4,1,6
BRDA:45,5,0,6
BRDA:45,5,1,6
BRDA:46,6,0,6
BRDA:46,6,1,6
BRDA:46,7,0,6
BRDA:46,7,1,5
BRF:16
BRH:16
end_of_record
TN:
SF:/home/travis/build/samuelfernandez/portfolio/src/lib/graphql/testing/providers/index.ts
FNF:0
FNH:0
DA:1,4
DA:2,4
DA:3,4
LF:3
LH:3
BRF:0
BRH:0
end_of_record
TN:
SF:/home/travis/build/samuelfernandez/portfolio/src/lib/graphql/testing/providers/subscription-testing.ts
FN:9,(anonymous_0)
FN:21,(anonymous_2)
FN:29,(anonymous_3)
FN:40,(anonymous_4)
FN:51,(anonymous_5)
FN:62,(anonymous_6)
FN:73,(anonymous_7)
FN:83,(anonymous_8)
FNF:8
FNH:8
FNDA:26,(anonymous_0)
FNDA:18,(anonymous_2)
FNDA:8,(anonymous_3)
FNDA:10,(anonymous_4)
FNDA:8,(anonymous_5)
FNDA:5,(anonymous_6)
FNDA:2,(anonymous_7)
FNDA:3,(anonymous_8)
DA:2,4
DA:9,4
DA:14,22
DA:21,18
DA:22,18
DA:29,4
DA:31,7
DA:40,4
DA:42,3
DA:51,4
DA:52,8
DA:53,8
DA:54,8
DA:62,4
DA:63,5
DA:64,5
DA:65,4
DA:73,4
DA:74,2
DA:75,2
DA:76,1
DA:83,4
DA:84,3
DA:85,3
DA:86,2
DA:88,4
LF:26
LH:26
BRDA:22,0,0,18
BRDA:22,0,1,9
BRF:2
BRH:2
end_of_record
TN:
SF:/home/travis/build/samuelfernandez/portfolio/src/lib/graphql/testing/providers/transfer-state.ts
FN:7,(anonymous_6)
FN:21,(anonymous_8)
FN:31,(anonymous_9)
FN:40,(anonymous_10)
FN:50,(anonymous_11)
FN:60,(anonymous_12)
FN:67,(anonymous_13)
FNF:7
FNH:7
FNDA:22,(anonymous_6)
FNDA:3,(anonymous_8)
FNDA:8,(anonymous_9)
FNDA:2,(anonymous_10)
FNDA:11,(anonymous_11)
FNDA:1,(anonymous_12)
FNDA:1,(anonymous_13)
DA:1,5
DA:7,17
DA:12,17
DA:21,5
DA:22,3
DA:31,5
DA:32,8
DA:40,5
DA:41,2
DA:50,5
DA:51,11
DA:60,5
DA:67,5
DA:68,1
DA:70,5
LF:15
LH:15
BRDA:7,0,0,17
BRDA:7,0,1,17
BRDA:7,0,2,17
BRDA:22,1,0,3
BRDA:22,1,1,1
BRF:5
BRH:5
end_of_record
